2019-01-10 14:13:05.475  INFO 20019 --- [main] com.example.demo.SadrApplication         : Starting SadrApplication on PC-OCARRILLO with PID 20019 (/home/ocarrillo@CX.COL/eclipse-ws3/sadr/target/classes started by ocarrillo in /home/ocarrillo@CX.COL/eclipse-ws3/sadr)
2019-01-10 14:13:05.478  INFO 20019 --- [main] com.example.demo.SadrApplication         : No active profile set, falling back to default profiles: default
2019-01-10 14:13:07.222  INFO 20019 --- [main] o.s.b.w.embedded.tomcat.TomcatWebServer  : Tomcat initialized with port(s): 3333 (http)
2019-01-10 14:13:07.251  INFO 20019 --- [main] o.apache.catalina.core.StandardService   : Starting service [Tomcat]
2019-01-10 14:13:07.252  INFO 20019 --- [main] org.apache.catalina.core.StandardEngine  : Starting Servlet Engine: Apache Tomcat/9.0.13
2019-01-10 14:13:07.264  INFO 20019 --- [main] o.a.catalina.core.AprLifecycleListener   : The APR based Apache Tomcat Native library which allows optimal performance in production environments was not found on the java.library.path: [/usr/java/packages/lib/amd64:/usr/lib/x86_64-linux-gnu/jni:/lib/x86_64-linux-gnu:/usr/lib/x86_64-linux-gnu:/usr/lib/jni:/lib:/usr/lib]
2019-01-10 14:13:07.355  INFO 20019 --- [main] o.a.c.c.C.[Tomcat].[localhost].[/]       : Initializing Spring embedded WebApplicationContext
2019-01-10 14:13:07.355  INFO 20019 --- [main] o.s.web.context.ContextLoader            : Root WebApplicationContext: initialization completed in 1837 ms
2019-01-10 14:13:08.195  INFO 20019 --- [main] o.s.b.a.e.web.EndpointLinksResolver      : Exposing 2 endpoint(s) beneath base path '/actuator'
2019-01-10 14:13:08.409  INFO 20019 --- [main] o.s.s.concurrent.ThreadPoolTaskExecutor  : Initializing ExecutorService 'applicationTaskExecutor'
2019-01-10 14:13:08.683  INFO 20019 --- [main] d.s.w.p.DocumentationPluginsBootstrapper : Context refreshed
2019-01-10 14:13:08.706  INFO 20019 --- [main] d.s.w.p.DocumentationPluginsBootstrapper : Found 1 custom documentation plugin(s)
2019-01-10 14:13:08.717  INFO 20019 --- [main] s.d.s.w.s.ApiListingReferenceScanner     : Scanning for api listing references
2019-01-10 14:13:08.908  INFO 20019 --- [main] o.s.b.w.embedded.tomcat.TomcatWebServer  : Tomcat started on port(s): 3333 (http) with context path ''
2019-01-10 14:13:08.913  INFO 20019 --- [main] com.example.demo.SadrApplication         : Started SadrApplication in 3.874 seconds (JVM running for 7.058)
2019-01-10 14:13:44.061  INFO 20019 --- [http-nio-3333-exec-1] o.a.c.c.C.[Tomcat].[localhost].[/]       : Initializing Spring DispatcherServlet 'dispatcherServlet'
2019-01-10 14:13:44.062  INFO 20019 --- [http-nio-3333-exec-1] o.s.web.servlet.DispatcherServlet        : Initializing Servlet 'dispatcherServlet'
2019-01-10 14:13:44.074  INFO 20019 --- [http-nio-3333-exec-1] o.s.web.servlet.DispatcherServlet        : Completed initialization in 12 ms
2019-01-10 14:14:04.701  WARN 20019 --- [http-nio-3333-exec-3] .w.s.m.s.DefaultHandlerExceptionResolver : Resolved [org.springframework.http.converter.HttpMessageNotReadableException: JSON parse error: Unrecognized token 'oda': was expecting ('true', 'false' or 'null'); nested exception is com.fasterxml.jackson.core.JsonParseException: Unrecognized token 'oda': was expecting ('true', 'false' or 'null')
 at [Source: (PushbackInputStream); line: 1, column: 7]]
2019-01-10 14:58:24.347  INFO 20019 --- [Thread-6] o.s.s.concurrent.ThreadPoolTaskExecutor  : Shutting down ExecutorService 'applicationTaskExecutor'
